Determining if the pthread_create exist failed with the following output:
Change Dir: /content/drive/My Drive/10714/10714-final-project/build/CMakeFiles/CMakeTmp

Run Build Command:"/usr/bin/make" "cmTC_131d5/fast"
make[1]: Entering directory '/content/drive/My Drive/10714/10714-final-project/build/CMakeFiles/CMakeTmp'
/usr/bin/make -f CMakeFiles/cmTC_131d5.dir/build.make CMakeFiles/cmTC_131d5.dir/build
make[2]: Entering directory '/content/drive/My Drive/10714/10714-final-project/build/CMakeFiles/CMakeTmp'
Building C object CMakeFiles/cmTC_131d5.dir/CheckSymbolExists.c.o
/usr/bin/cc   -fPIC    -o CMakeFiles/cmTC_131d5.dir/CheckSymbolExists.c.o   -c "/content/drive/My Drive/10714/10714-final-project/build/CMakeFiles/CMakeTmp/CheckSymbolExists.c"
Linking C executable cmTC_131d5
/usr/local/lib/python2.7/dist-packages/cmake/data/bin/cmake -E cmake_link_script CMakeFiles/cmTC_131d5.dir/link.txt --verbose=1
/usr/bin/cc -fPIC     -rdynamic CMakeFiles/cmTC_131d5.dir/CheckSymbolExists.c.o  -o cmTC_131d5 
CMakeFiles/cmTC_131d5.dir/CheckSymbolExists.c.o: In function `main':
CheckSymbolExists.c:(.text+0x1b): undefined reference to `pthread_create'
collect2: error: ld returned 1 exit status
CMakeFiles/cmTC_131d5.dir/build.make:86: recipe for target 'cmTC_131d5' failed
make[2]: *** [cmTC_131d5] Error 1
make[2]: Leaving directory '/content/drive/My Drive/10714/10714-final-project/build/CMakeFiles/CMakeTmp'
Makefile:121: recipe for target 'cmTC_131d5/fast' failed
make[1]: *** [cmTC_131d5/fast] Error 2
make[1]: Leaving directory '/content/drive/My Drive/10714/10714-final-project/build/CMakeFiles/CMakeTmp'

File /content/drive/My Drive/10714/10714-final-project/build/CMakeFiles/CMakeTmp/CheckSymbolExists.c:
/* */
#include <pthread.h>

int main(int argc, char** argv)
{
  (void)argv;
#ifndef pthread_create
  return ((int*)(&pthread_create))[argc];
#else
  (void)argc;
  return 0;
#endif
}

Determining if the function pthread_create exists in the pthreads failed with the following output:
Change Dir: /content/drive/My Drive/10714/10714-final-project/build/CMakeFiles/CMakeTmp

Run Build Command:"/usr/bin/make" "cmTC_ee54e/fast"
make[1]: Entering directory '/content/drive/My Drive/10714/10714-final-project/build/CMakeFiles/CMakeTmp'
/usr/bin/make -f CMakeFiles/cmTC_ee54e.dir/build.make CMakeFiles/cmTC_ee54e.dir/build
make[2]: Entering directory '/content/drive/My Drive/10714/10714-final-project/build/CMakeFiles/CMakeTmp'
Building C object CMakeFiles/cmTC_ee54e.dir/CheckFunctionExists.c.o
/usr/bin/cc   -fPIC -DCHECK_FUNCTION_EXISTS=pthread_create   -o CMakeFiles/cmTC_ee54e.dir/CheckFunctionExists.c.o   -c /usr/local/lib/python2.7/dist-packages/cmake/data/share/cmake-3.12/Modules/CheckFunctionExists.c
Linking C executable cmTC_ee54e
/usr/local/lib/python2.7/dist-packages/cmake/data/bin/cmake -E cmake_link_script CMakeFiles/cmTC_ee54e.dir/link.txt --verbose=1
/usr/bin/cc -fPIC -DCHECK_FUNCTION_EXISTS=pthread_create    -rdynamic CMakeFiles/cmTC_ee54e.dir/CheckFunctionExists.c.o  -o cmTC_ee54e -lpthreads 
/usr/bin/ld: cannot find -lpthreads
collect2: error: ld returned 1 exit status
CMakeFiles/cmTC_ee54e.dir/build.make:86: recipe for target 'cmTC_ee54e' failed
make[2]: *** [cmTC_ee54e] Error 1
make[2]: Leaving directory '/content/drive/My Drive/10714/10714-final-project/build/CMakeFiles/CMakeTmp'
Makefile:121: recipe for target 'cmTC_ee54e/fast' failed
make[1]: *** [cmTC_ee54e/fast] Error 2
make[1]: Leaving directory '/content/drive/My Drive/10714/10714-final-project/build/CMakeFiles/CMakeTmp'


